# JRE version: Java(TM) SE Runtime Environment (8.0_25-b17) (build 1.8.0_25-b17)
# Java VM: Java HotSpot(TM) 64-Bit Server VM (25.25-b02 mixed mode bsd-amd64 compressed oops)
Heap:
 PSYoungGen      total 283136K, used 186879K [0x000000014b300000, 0x000000015fd00000, 0x0000000160800000)
  eden space 266240K, 63% used [0x000000014b300000,0x0000000155904548,0x000000015b700000)
  from space 16896K, 99% used [0x000000015b700000,0x000000015c77b850,0x000000015c780000)
  to   space 21504K, 0% used [0x000000015e800000,0x000000015e800000,0x000000015fd00000)
 ParOldGen       total 84992K, used 47267K [0x0000000120800000, 0x0000000125b00000, 0x000000014b300000)
  object space 84992K, 55% used [0x0000000120800000,0x0000000123628e78,0x0000000125b00000)
 Metaspace       used 3720K, capacity 4666K, committed 4864K, reserved 1056768K
  class space    used 399K, capacity 426K, committed 512K, reserved 1048576K
GC Heap History (10 events):
Event: 2.093 GC heap before
{Heap before GC invocations=14 (full 0):
 PSYoungGen      total 183296K, used 182304K [0x000000014b300000, 0x0000000158100000, 0x0000000160800000)
  eden space 182272K, 100% used [0x000000014b300000,0x0000000156500000,0x0000000156500000)
  from space 1024K, 3% used [0x0000000157f00000,0x0000000157f08000,0x0000000158000000)
  to   space 1024K, 0% used [0x0000000158000000,0x0000000158000000,0x0000000158100000)
 ParOldGen       total 44032K, used 580K [0x0000000120800000, 0x0000000123300000, 0x000000014b300000)
  object space 44032K, 1% used [0x0000000120800000,0x0000000120891080,0x0000000123300000)
 Metaspace       used 2872K, capacity 4498K, committed 4864K, reserved 1056768K
  class space    used 303K, capacity 386K, committed 512K, reserved 1048576K
Event: 2.093 GC heap after
Heap after GC invocations=14 (full 0):
 PSYoungGen      total 174592K, used 0K [0x000000014b300000, 0x0000000158080000, 0x0000000160800000)
  eden space 174080K, 0% used [0x000000014b300000,0x000000014b300000,0x0000000155d00000)
  from space 512K, 0% used [0x0000000158000000,0x0000000158000000,0x0000000158080000)
  to   space 1024K, 0% used [0x0000000157e80000,0x0000000157e80000,0x0000000157f80000)
 ParOldGen       total 44032K, used 580K [0x0000000120800000, 0x0000000123300000, 0x000000014b300000)
  object space 44032K, 1% used [0x0000000120800000,0x0000000120891080,0x0000000123300000)
 Metaspace       used 2872K, capacity 4498K, committed 4864K, reserved 1056768K
  class space    used 303K, capacity 386K, committed 512K, reserved 1048576K
}
Event: 2.256 GC heap before
{Heap before GC invocations=15 (full 0):
 PSYoungGen      total 174592K, used 174080K [0x000000014b300000, 0x0000000158080000, 0x0000000160800000)
  eden space 174080K, 100% used [0x000000014b300000,0x0000000155d00000,0x0000000155d00000)
  from space 512K, 0% used [0x0000000158000000,0x0000000158000000,0x0000000158080000)
  to   space 1024K, 0% used [0x0000000157e80000,0x0000000157e80000,0x0000000157f80000)
 ParOldGen       total 44032K, used 580K [0x0000000120800000, 0x0000000123300000, 0x000000014b300000)
  object space 44032K, 1% used [0x0000000120800000,0x0000000120891080,0x0000000123300000)
 Metaspace       used 2876K, capacity 4498K, committed 4864K, reserved 1056768K
  class space    used 303K, capacity 386K, committed 512K, reserved 1048576K
Event: 2.266 GC heap after
Heap after GC invocations=15 (full 0):
 PSYoungGen      total 209408K, used 1024K [0x000000014b300000, 0x000000015cc00000, 0x0000000160800000)
  eden space 208384K, 0% used [0x000000014b300000,0x000000014b300000,0x0000000157e80000)
  from space 1024K, 100% used [0x0000000157e80000,0x0000000157f80000,0x0000000157f80000)
  to   space 4608K, 0% used [0x000000015c780000,0x000000015c780000,0x000000015cc00000)
 ParOldGen       total 44032K, used 9740K [0x0000000120800000, 0x0000000123300000, 0x000000014b300000)
  object space 44032K, 22% used [0x0000000120800000,0x0000000121183090,0x0000000123300000)
 Metaspace       used 2876K, capacity 4498K, committed 4864K, reserved 1056768K
  class space    used 303K, capacity 386K, committed 512K, reserved 1048576K
}
Event: 2.496 GC heap before
{Heap before GC invocations=16 (full 0):
 PSYoungGen      total 209408K, used 209408K [0x000000014b300000, 0x000000015cc00000, 0x0000000160800000)
  eden space 208384K, 100% used [0x000000014b300000,0x0000000157e80000,0x0000000157e80000)
  from space 1024K, 100% used [0x0000000157e80000,0x0000000157f80000,0x0000000157f80000)
  to   space 4608K, 0% used [0x000000015c780000,0x000000015c780000,0x000000015cc00000)
 ParOldGen       total 44032K, used 9740K [0x0000000120800000, 0x0000000123300000, 0x000000014b300000)
  object space 44032K, 22% used [0x0000000120800000,0x0000000121183090,0x0000000123300000)
 Metaspace       used 2876K, capacity 4498K, committed 4864K, reserved 1056768K
  class space    used 303K, capacity 386K, committed 512K, reserved 1048576K
Event: 2.530 GC heap after
Heap after GC invocations=16 (full 0):
 PSYoungGen      total 270848K, used 4608K [0x000000014b300000, 0x0000000160800000, 0x0000000160800000)
  eden space 266240K, 0% used [0x000000014b300000,0x000000014b300000,0x000000015b700000)
  from space 4608K, 100% used [0x000000015c780000,0x000000015cc00000,0x000000015cc00000)
  to   space 16896K, 0% used [0x000000015b700000,0x000000015b700000,0x000000015c780000)
 ParOldGen       total 44032K, used 39324K [0x0000000120800000, 0x0000000123300000, 0x000000014b300000)
  object space 44032K, 89% used [0x0000000120800000,0x0000000122e670a0,0x0000000123300000)
 Metaspace       used 2876K, capacity 4498K, committed 4864K, reserved 1056768K
  class space    used 303K, capacity 386K, committed 512K, reserved 1048576K
}
Event: 2.530 GC heap before
{Heap before GC invocations=17 (full 1):
 PSYoungGen      total 270848K, used 4608K [0x000000014b300000, 0x0000000160800000, 0x0000000160800000)
  eden space 266240K, 0% used [0x000000014b300000,0x000000014b300000,0x000000015b700000)
  from space 4608K, 100% used [0x000000015c780000,0x000000015cc00000,0x000000015cc00000)
  to   space 16896K, 0% used [0x000000015b700000,0x000000015b700000,0x000000015c780000)
 ParOldGen       total 44032K, used 39324K [0x0000000120800000, 0x0000000123300000, 0x000000014b300000)
  object space 44032K, 89% used [0x0000000120800000,0x0000000122e670a0,0x0000000123300000)
 Metaspace       used 2876K, capacity 4498K, committed 4864K, reserved 1056768K
  class space    used 303K, capacity 386K, committed 512K, reserved 1048576K
Event: 2.817 GC heap after
Heap after GC invocations=17 (full 1):
 PSYoungGen      total 270848K, used 0K [0x000000014b300000, 0x0000000160800000, 0x0000000160800000)
  eden space 266240K, 0% used [0x000000014b300000,0x000000014b300000,0x000000015b700000)
  from space 4608K, 0% used [0x000000015c780000,0x000000015c780000,0x000000015cc00000)
  to   space 16896K, 0% used [0x000000015b700000,0x000000015b700000,0x000000015c780000)
 ParOldGen       total 84992K, used 42638K [0x0000000120800000, 0x0000000125b00000, 0x000000014b300000)
  object space 84992K, 50% used [0x0000000120800000,0x00000001231a3828,0x0000000125b00000)
 Metaspace       used 2876K, capacity 4498K, committed 4864K, reserved 1056768K
  class space    used 303K, capacity 386K, committed 512K, reserved 1048576K
}
Event: 6.945 GC heap before
{Heap before GC invocations=18 (full 1):
 PSYoungGen      total 270848K, used 266240K [0x000000014b300000, 0x0000000160800000, 0x0000000160800000)
  eden space 266240K, 100% used [0x000000014b300000,0x000000015b700000,0x000000015b700000)
  from space 4608K, 0% used [0x000000015c780000,0x000000015c780000,0x000000015cc00000)
  to   space 16896K, 0% used [0x000000015b700000,0x000000015b700000,0x000000015c780000)
 ParOldGen       total 84992K, used 42638K [0x0000000120800000, 0x0000000125b00000, 0x000000014b300000)
  object space 84992K, 50% used [0x0000000120800000,0x00000001231a3828,0x0000000125b00000)
 Metaspace       used 3711K, capacity 4664K, committed 4864K, reserved 1056768K
  class space    used 397K, capacity 424K, committed 512K, reserved 1048576K
Event: 6.987 GC heap after
Heap after GC invocations=18 (full 1):
 PSYoungGen      total 283136K, used 16878K [0x000000014b300000, 0x000000015fd00000, 0x0000000160800000)
  eden space 266240K, 0% used [0x000000014b300000,0x000000014b300000,0x000000015b700000)
  from space 16896K, 99% used [0x000000015b700000,0x000000015c77b850,0x000000015c780000)
  to   space 21504K, 0% used [0x000000015e800000,0x000000015e800000,0x000000015fd00000)
 ParOldGen       total 84992K, used 47267K [0x0000000120800000, 0x0000000125b00000, 0x000000014b300000)
  object space 84992K, 55% used [0x0000000120800000,0x0000000123628e78,0x0000000125b00000)
 Metaspace       used 3711K, capacity 4664K, committed 4864K, reserved 1056768K
  class space    used 397K, capacity 424K, committed 512K, reserved 1048576K
}

