# JRE version: Java(TM) SE Runtime Environment (8.0_25-b17) (build 1.8.0_25-b17)
# Java VM: Java HotSpot(TM) 64-Bit Server VM (25.25-b02 mixed mode bsd-amd64 compressed oops)
Heap:
 PSYoungGen      total 283136K, used 186851K [0x00000007aab00000, 0x00000007bf680000, 0x00000007c0000000)
  eden space 266240K, 63% used [0x00000007aab00000,0x00000007b5100140,0x00000007baf00000)
  from space 16896K, 99% used [0x00000007baf00000,0x00000007bbf78c48,0x00000007bbf80000)
  to   space 22016K, 0% used [0x00000007be100000,0x00000007be100000,0x00000007bf680000)
 ParOldGen       total 84480K, used 47288K [0x0000000780000000, 0x0000000785280000, 0x00000007aab00000)
  object space 84480K, 55% used [0x0000000780000000,0x0000000782e2e380,0x0000000785280000)
 Metaspace       used 3715K, capacity 4666K, committed 4864K, reserved 1056768K
  class space    used 399K, capacity 426K, committed 512K, reserved 1048576K
GC Heap History (10 events):
Event: 2.292 GC heap before
{Heap before GC invocations=14 (full 0):
 PSYoungGen      total 183296K, used 182304K [0x00000007aab00000, 0x00000007b7900000, 0x00000007c0000000)
  eden space 182272K, 100% used [0x00000007aab00000,0x00000007b5d00000,0x00000007b5d00000)
  from space 1024K, 3% used [0x00000007b7700000,0x00000007b7708000,0x00000007b7800000)
  to   space 1024K, 0% used [0x00000007b7800000,0x00000007b7800000,0x00000007b7900000)
 ParOldGen       total 44032K, used 592K [0x0000000780000000, 0x0000000782b00000, 0x00000007aab00000)
  object space 44032K, 1% used [0x0000000780000000,0x0000000780094070,0x0000000782b00000)
 Metaspace       used 2873K, capacity 4498K, committed 4864K, reserved 1056768K
  class space    used 303K, capacity 386K, committed 512K, reserved 1048576K
Event: 2.292 GC heap after
Heap after GC invocations=14 (full 0):
 PSYoungGen      total 174592K, used 32K [0x00000007aab00000, 0x00000007b7880000, 0x00000007c0000000)
  eden space 174080K, 0% used [0x00000007aab00000,0x00000007aab00000,0x00000007b5500000)
  from space 512K, 6% used [0x00000007b7800000,0x00000007b7808000,0x00000007b7880000)
  to   space 1024K, 0% used [0x00000007b7680000,0x00000007b7680000,0x00000007b7780000)
 ParOldGen       total 44032K, used 592K [0x0000000780000000, 0x0000000782b00000, 0x00000007aab00000)
  object space 44032K, 1% used [0x0000000780000000,0x0000000780094070,0x0000000782b00000)
 Metaspace       used 2873K, capacity 4498K, committed 4864K, reserved 1056768K
  class space    used 303K, capacity 386K, committed 512K, reserved 1048576K
}
Event: 2.452 GC heap before
{Heap before GC invocations=15 (full 0):
 PSYoungGen      total 174592K, used 174112K [0x00000007aab00000, 0x00000007b7880000, 0x00000007c0000000)
  eden space 174080K, 100% used [0x00000007aab00000,0x00000007b5500000,0x00000007b5500000)
  from space 512K, 6% used [0x00000007b7800000,0x00000007b7808000,0x00000007b7880000)
  to   space 1024K, 0% used [0x00000007b7680000,0x00000007b7680000,0x00000007b7780000)
 ParOldGen       total 44032K, used 592K [0x0000000780000000, 0x0000000782b00000, 0x00000007aab00000)
  object space 44032K, 1% used [0x0000000780000000,0x0000000780094070,0x0000000782b00000)
 Metaspace       used 2876K, capacity 4498K, committed 4864K, reserved 1056768K
  class space    used 303K, capacity 386K, committed 512K, reserved 1048576K
Event: 2.462 GC heap after
Heap after GC invocations=15 (full 0):
 PSYoungGen      total 209408K, used 1024K [0x00000007aab00000, 0x00000007bc400000, 0x00000007c0000000)
  eden space 208384K, 0% used [0x00000007aab00000,0x00000007aab00000,0x00000007b7680000)
  from space 1024K, 100% used [0x00000007b7680000,0x00000007b7780000,0x00000007b7780000)
  to   space 4608K, 0% used [0x00000007bbf80000,0x00000007bbf80000,0x00000007bc400000)
 ParOldGen       total 44032K, used 9768K [0x0000000780000000, 0x0000000782b00000, 0x00000007aab00000)
  object space 44032K, 22% used [0x0000000780000000,0x000000078098a080,0x0000000782b00000)
 Metaspace       used 2876K, capacity 4498K, committed 4864K, reserved 1056768K
  class space    used 303K, capacity 386K, committed 512K, reserved 1048576K
}
Event: 2.698 GC heap before
{Heap before GC invocations=16 (full 0):
 PSYoungGen      total 209408K, used 209408K [0x00000007aab00000, 0x00000007bc400000, 0x00000007c0000000)
  eden space 208384K, 100% used [0x00000007aab00000,0x00000007b7680000,0x00000007b7680000)
  from space 1024K, 100% used [0x00000007b7680000,0x00000007b7780000,0x00000007b7780000)
  to   space 4608K, 0% used [0x00000007bbf80000,0x00000007bbf80000,0x00000007bc400000)
 ParOldGen       total 44032K, used 9768K [0x0000000780000000, 0x0000000782b00000, 0x00000007aab00000)
  object space 44032K, 22% used [0x0000000780000000,0x000000078098a080,0x0000000782b00000)
 Metaspace       used 2876K, capacity 4498K, committed 4864K, reserved 1056768K
  class space    used 303K, capacity 386K, committed 512K, reserved 1048576K
Event: 2.734 GC heap after
Heap after GC invocations=16 (full 0):
 PSYoungGen      total 270848K, used 4608K [0x00000007aab00000, 0x00000007c0000000, 0x00000007c0000000)
  eden space 266240K, 0% used [0x00000007aab00000,0x00000007aab00000,0x00000007baf00000)
  from space 4608K, 100% used [0x00000007bbf80000,0x00000007bc400000,0x00000007bc400000)
  to   space 16896K, 0% used [0x00000007baf00000,0x00000007baf00000,0x00000007bbf80000)
 ParOldGen       total 44032K, used 39344K [0x0000000780000000, 0x0000000782b00000, 0x00000007aab00000)
  object space 44032K, 89% used [0x0000000780000000,0x000000078266c090,0x0000000782b00000)
 Metaspace       used 2876K, capacity 4498K, committed 4864K, reserved 1056768K
  class space    used 303K, capacity 386K, committed 512K, reserved 1048576K
}
Event: 2.734 GC heap before
{Heap before GC invocations=17 (full 1):
 PSYoungGen      total 270848K, used 4608K [0x00000007aab00000, 0x00000007c0000000, 0x00000007c0000000)
  eden space 266240K, 0% used [0x00000007aab00000,0x00000007aab00000,0x00000007baf00000)
  from space 4608K, 100% used [0x00000007bbf80000,0x00000007bc400000,0x00000007bc400000)
  to   space 16896K, 0% used [0x00000007baf00000,0x00000007baf00000,0x00000007bbf80000)
 ParOldGen       total 44032K, used 39344K [0x0000000780000000, 0x0000000782b00000, 0x00000007aab00000)
  object space 44032K, 89% used [0x0000000780000000,0x000000078266c090,0x0000000782b00000)
 Metaspace       used 2876K, capacity 4498K, committed 4864K, reserved 1056768K
  class space    used 303K, capacity 386K, committed 512K, reserved 1048576K
Event: 3.032 GC heap after
Heap after GC invocations=17 (full 1):
 PSYoungGen      total 270848K, used 0K [0x00000007aab00000, 0x00000007c0000000, 0x00000007c0000000)
  eden space 266240K, 0% used [0x00000007aab00000,0x00000007aab00000,0x00000007baf00000)
  from space 4608K, 0% used [0x00000007bbf80000,0x00000007bbf80000,0x00000007bc400000)
  to   space 16896K, 0% used [0x00000007baf00000,0x00000007baf00000,0x00000007bbf80000)
 ParOldGen       total 84480K, used 42638K [0x0000000780000000, 0x0000000785280000, 0x00000007aab00000)
  object space 84480K, 50% used [0x0000000780000000,0x00000007829a3858,0x0000000785280000)
 Metaspace       used 2876K, capacity 4498K, committed 4864K, reserved 1056768K
  class space    used 303K, capacity 386K, committed 512K, reserved 1048576K
}
Event: 7.624 GC heap before
{Heap before GC invocations=18 (full 1):
 PSYoungGen      total 270848K, used 266240K [0x00000007aab00000, 0x00000007c0000000, 0x00000007c0000000)
  eden space 266240K, 100% used [0x00000007aab00000,0x00000007baf00000,0x00000007baf00000)
  from space 4608K, 0% used [0x00000007bbf80000,0x00000007bbf80000,0x00000007bc400000)
  to   space 16896K, 0% used [0x00000007baf00000,0x00000007baf00000,0x00000007bbf80000)
 ParOldGen       total 84480K, used 42638K [0x0000000780000000, 0x0000000785280000, 0x00000007aab00000)
  object space 84480K, 50% used [0x0000000780000000,0x00000007829a3858,0x0000000785280000)
 Metaspace       used 3707K, capacity 4664K, committed 4864K, reserved 1056768K
  class space    used 397K, capacity 424K, committed 512K, reserved 1048576K
Event: 7.662 GC heap after
Heap after GC invocations=18 (full 1):
 PSYoungGen      total 283136K, used 16867K [0x00000007aab00000, 0x00000007bf680000, 0x00000007c0000000)
  eden space 266240K, 0% used [0x00000007aab00000,0x00000007aab00000,0x00000007baf00000)
  from space 16896K, 99% used [0x00000007baf00000,0x00000007bbf78c48,0x00000007bbf80000)
  to   space 22016K, 0% used [0x00000007be100000,0x00000007be100000,0x00000007bf680000)
 ParOldGen       total 84480K, used 47288K [0x0000000780000000, 0x0000000785280000, 0x00000007aab00000)
  object space 84480K, 55% used [0x0000000780000000,0x0000000782e2e380,0x0000000785280000)
 Metaspace       used 3707K, capacity 4664K, committed 4864K, reserved 1056768K
  class space    used 397K, capacity 424K, committed 512K, reserved 1048576K
}

